app/build/outputs/logs/manifest-merger-debug-report.txt
-- Merging decision tree log ---
manifest
ADDED from src\main\AndroidManifest.xml:2:1-258:12
INJECTED from src\main\AndroidManifest.xml:2:1-258:12
INJECTED from src\main\AndroidManifest.xml:2:1-258:12
INJECTED from src\main\AndroidManifest.xml:2:1-258:12
MERGED from [com.android.databinding:adapters:3.1.3] AndroidManifest.xml:17:1-24:12
MERGED from [com.android.databinding:library:3.1.3] AndroidManifest.xml:17:1-24:12
MERGED from [com.android.support:multidex:1.0.3] AndroidManifest.xml:17:1-22:12
MERGED from [com.mikepenz:materialdrawer:5.2.0] AndroidManifest.xml:2:1-12:12
MERGED from [:materialcalendarview] AndroidManifest.xml:2:1-13:12
MERGED from [com.github.arcadefire:nice-spinner:1.2] AndroidManifest.xml:2:1-13:12
MERGED from [fr.tvbarthel.blurdialogfragment:lib:2.2.0] AndroidManifest.xml:2:1-12:12
MERGED from [com.mikepenz:fastadapter:1.4.1] AndroidManifest.xml:2:1-12:12
MERGED from [com.mikepenz:iconics-core:2.5.11] AndroidManifest.xml:2:1-12:12
MERGED from [com.mikepenz:materialize:0.8.8] AndroidManifest.xml:2:1-12:12
MERGED from [com.wdullaer:materialdatetimepicker:3.2.2] AndroidManifest.xml:17:1-30:12
MERGED from [com.android.support:design:27.1.1] AndroidManifest.xml:17:1-22:12
MERGED from [com.android.support:appcompat-v7:27.1.1] AndroidManifest.xml:17:1-22:12
MERGED from [com.android.support:recyclerview-v7:27.1.1] AndroidManifest.xml:17:1-22:12
MERGED from [com.android.support:cardview-v7:27.1.1] AndroidManifest.xml:17:1-22:12
MERGED from [com.github.siyamed:android-shape-imageview:0.9.3] AndroidManifest.xml:2:1-12:12
MERGED from [com.squareup.picasso:picasso:2.71828] AndroidManifest.xml:2:1-14:12
MERGED from [com.joanzapata.iconify:android-iconify-fontawesome:2.2.2] AndroidManifest.xml:2:1-8:12
MERGED from [com.android.support.constraint:constraint-layout:1.1.0] AndroidManifest.xml:2:1-11:12
MERGED from [com.baoyz.swipemenulistview:library:1.3.0] AndroidManifest.xml:2:1-11:12
MERGED from [com.oguzdev:CircularFloatingActionMenu:1.0.2] AndroidManifest.xml:2:1-11:12
MERGED from [jp.wasabeef:blurry:2.1.1] AndroidManifest.xml:2:1-12:12
MERGED from [com.google.firebase:firebase-messaging:17.1.0] AndroidManifest.xml:17:1-37:12
MERGED from [com.firebase:firebase-jobdispatcher:0.6.0] AndroidManifest.xml:17:1-42:12
MERGED from [com.google.firebase:firebase-core:16.0.1] AndroidManifest.xml:2:1-9:12
MERGED from [id.zelory:compressor:2.1.0] AndroidManifest.xml:2:1-12:12
MERGED from [com.takwolf.android:lock9view:0.0.2] AndroidManifest.xml:2:1-11:12
MERGED from [com.google.firebase:firebase-crash:12.0.1] AndroidManifest.xml:17:1-27:12
MERGED from [com.jakewharton:butterknife:8.8.1] AndroidManifest.xml:2:1-7:12
MERGED from [com.rollbar:rollbar-android:1.0.0] AndroidManifest.xml:2:1-13:12
MERGED from [io.reactivex.rxjava2:rxandroid:2.0.1] AndroidManifest.xml:15:1-21:12
MERGED from [com.github.bumptech.glide:glide:4.6.1] AndroidManifest.xml:2:1-13:12
MERGED from [com.crashlytics.sdk.android:crashlytics:2.6.5] AndroidManifest.xml:2:1-13:12
MERGED from [de.hdodenhof:circleimageview:2.2.0] AndroidManifest.xml:2:1-11:12
MERGED from [com.android.support:transition:27.1.1] AndroidManifest.xml:17:1-22:12
MERGED from [com.android.support:animated-vector-drawable:27.1.1] AndroidManifest.xml:17:1-22:12
MERGED from [com.android.support:support-vector-drawable:27.1.1] AndroidManifest.xml:17:1-22:12
MERGED from [com.joanzapata.iconify:android-iconify:2.2.2] AndroidManifest.xml:2:1-8:12
MERGED from [com.google.firebase:firebase-measurement-connector-impl:16.0.1] AndroidManifest.xml:17:1-34:12
MERGED from [com.google.firebase:firebase-analytics:16.0.1] AndroidManifest.xml:17:1-55:12
MERGED from [com.google.firebase:firebase-analytics-impl:16.1.1] AndroidManifest.xml:17:1-40:12
MERGED from [com.google.firebase:firebase-iid:16.2.0] AndroidManifest.xml:17:1-65:12
MERGED from [com.google.firebase:firebase-iid-interop:16.0.0] AndroidManifest.xml:2:1-10:12
MERGED from [com.google.android.gms:play-services-base:15.0.1] AndroidManifest.xml:17:1-29:12
MERGED from [com.google.firebase:firebase-common:16.0.0] AndroidManifest.xml:2:1-16:12
MERGED from [com.google.android.gms:play-services-tasks:15.0.1] AndroidManifest.xml:2:1-9:12
MERGED from [com.google.firebase:firebase-measurement-connector:16.0.0] AndroidManifest.xml:17:1-25:12
MERGED from [com.google.android.gms:play-services-ads-identifier:15.0.1] AndroidManifest.xml:17:1-24:12
MERGED from [com.google.android.gms:play-services-stats:15.0.1] AndroidManifest.xml:2:1-9:12
MERGED from [com.google.android.gms:play-services-basement:15.0.1] AndroidManifest.xml:17:1-28:12
MERGED from [com.android.support:support-v4:27.1.1] AndroidManifest.xml:17:1-22:12
MERGED from [com.android.support:support-fragment:27.1.1] AndroidManifest.xml:17:1-22:12
MERGED from [com.android.support:support-core-ui:27.1.1] AndroidManifest.xml:17:1-22:12
MERGED from [com.android.support:support-core-utils:27.1.1] AndroidManifest.xml:17:1-22:12
MERGED from [com.android.support:support-media-compat:27.1.1] AndroidManifest.xml:17:1-22:12
MERGED from [com.android.support:support-compat:27.1.1] AndroidManifest.xml:17:1-22:12
MERGED from [android.arch.lifecycle:runtime:1.1.0] AndroidManifest.xml:17:1-22:12
MERGED from [com.android.support:exifinterface:27.1.0] AndroidManifest.xml:17:1-22:12
MERGED from [com.github.bumptech.glide:gifdecoder:4.6.1] AndroidManifest.xml:2:1-11:12
MERGED from [android.arch.lifecycle:livedata-core:1.1.0] AndroidManifest.xml:17:1-22:12
MERGED from [android.arch.core:runtime:1.1.0] AndroidManifest.xml:17:1-22:12
MERGED from [com.google.firebase:firebase-crash-license:12.0.1] AndroidManifest.xml:17:1-24:12
MERGED from [com.crashlytics.sdk.android:beta:1.2.2] AndroidManifest.xml:2:1-13:12
MERGED from [com.crashlytics.sdk.android:crashlytics-core:2.3.14] AndroidManifest.xml:2:1-13:12
MERGED from [com.crashlytics.sdk.android:answers:1.3.10] AndroidManifest.xml:2:1-13:12
MERGED from [io.fabric.sdk.android:fabric:1.3.14] AndroidManifest.xml:18:1-29:12
MERGED from [com.google.android.gms:play-services-measurement-base:16.0.0] AndroidManifest.xml:17:1-24:12
MERGED from [android.arch.lifecycle:viewmodel:1.1.0] AndroidManifest.xml:17:1-22:12
INJECTED from src\main\AndroidManifest.xml:2:1-258:12
INJECTED from src\main\AndroidManifest.xml:2:1-258:12
INJECTED from src\main\AndroidManifest.xml:2:1-258:12
	package
		ADDED from src\main\AndroidManifest.xml:4:5-34
		INJECTED from src\main\AndroidManifest.xml
		INJECTED from src\main\AndroidManifest.xml
	android:versionName
		INJECTED from src\main\AndroidManifest.xml
		ADDED from src\main\AndroidManifest.xml:2:1-258:12
		INJECTED from src\main\AndroidManifest.xml
	xmlns:tools
		ADDED from src\main\AndroidManifest.xml:3:5-51
	android:versionCode
		INJECTED from src\main\AndroidManifest.xml
		ADDED from src\main\AndroidManifest.xml:2:1-258:12
		INJECTED from src\main\AndroidManifest.xml
	xmlns:android
		ADDED from src\main\AndroidManifest.xml:2:11-69
uses-permission#android.permission.INTERNET
ADDED from src\main\AndroidManifest.xml:6:5-67
MERGED from [com.google.firebase:firebase-crash:12.0.1] AndroidManifest.xml:22:5-67
MERGED from [com.google.firebase:firebase-crash:12.0.1] AndroidManifest.xml:22:5-67
MERGED from [com.rollbar:rollbar-android:1.0.0] AndroidManifest.xml:11:5-67
MERGED from [com.rollbar:rollbar-android:1.0.0] AndroidManifest.xml:11:5-67
MERGED from [com.crashlytics.sdk.android:crashlytics:2.6.5] AndroidManifest.xml:9:5-67
MERGED from [com.crashlytics.sdk.android:crashlytics:2.6.5] AndroidManifest.xml:9:5-67
MERGED from [com.google.firebase:firebase-measurement-connector-impl:16.0.1] AndroidManifest.xml:22:5-67
MERGED from [com.google.firebase:firebase-measurement-connector-impl:16.0.1] AndroidManifest.xml:22:5-67
MERGED from [com.google.firebase:firebase-analytics:16.0.1] AndroidManifest.xml:23:5-67
MERGED from [com.google.firebase:firebase-analytics:16.0.1] AndroidManifest.xml:23:5-67
MERGED from [com.google.firebase:firebase-analytics-impl:16.1.1] AndroidManifest.xml:23:5-67
MERGED from [com.google.firebase:firebase-analytics-impl:16.1.1] AndroidManifest.xml:23:5-67
MERGED from [com.google.firebase:firebase-iid:16.2.0] AndroidManifest.xml:23:5-67
MERGED from [com.google.firebase:firebase-iid:16.2.0] AndroidManifest.xml:23:5-67
MERGED from [com.crashlytics.sdk.android:beta:1.2.2] AndroidManifest.xml:9:5-67
MERGED from [com.crashlytics.sdk.android:beta:1.2.2] AndroidManifest.xml:9:5-67
MERGED from [com.crashlytics.sdk.android:crashlytics-core:2.3.14] AndroidManifest.xml:9:5-67
MERGED from [com.crashlytics.sdk.android:crashlytics-core:2.3.14] AndroidManifest.xml:9:5-67
MERGED from [com.crashlytics.sdk.android:answers:1.3.10] AndroidManifest.xml:9:5-67
MERGED from [com.crashlytics.sdk.android:answers:1.3.10] AndroidManifest.xml:9:5-67
MERGED from [io.fabric.sdk.android:fabric:1.3.14] AndroidManifest.xml:25:5-67
MERGED from [io.fabric.sdk.android:fabric:1.3.14] AndroidManifest.xml:25:5-67
	android:name
		ADDED from src\main\AndroidManifest.xml:6:22-64
uses-permission#android.permission.ACCESS_WIFI_STATE
ADDED from src\main\AndroidManifest.xml:7:5-76
	android:name
		ADDED from src\main\AndroidManifest.xml:7:22-73
uses-permission#android.permission.ACCESS_NETWORK_STATE
ADDED from src\main\AndroidManifest.xml:8:5-79
MERGED from [com.google.firebase:firebase-measurement-connector-impl:16.0.1] AndroidManifest.xml:23:5-79
MERGED from [com.google.firebase:firebase-measurement-connector-impl:16.0.1] AndroidManifest.xml:23:5-79
MERGED from [com.google.firebase:firebase-analytics:16.0.1] AndroidManifest.xml:24:5-79
MERGED from [com.google.firebase:firebase-analytics:16.0.1] AndroidManifest.xml:24:5-79
MERGED from [com.google.firebase:firebase-analytics-impl:16.1.1] AndroidManifest.xml:24:5-79
MERGED from [com.google.firebase:firebase-analytics-impl:16.1.1] AndroidManifest.xml:24:5-79
MERGED from [com.google.firebase:firebase-iid:16.2.0] AndroidManifest.xml:22:5-79
MERGED from [com.google.firebase:firebase-iid:16.2.0] AndroidManifest.xml:22:5-79
	android:name
		ADDED from src\main\AndroidManifest.xml:8:22-76
uses-permission#android.permission.READ_EXTERNAL_STORAGE
ADDED from src\main\AndroidManifest.xml:9:5-80
	android:name
		ADDED from src\main\AndroidManifest.xml:9:22-77
uses-permission#android.permission.WRITE_EXTERNAL_STORAGE
ADDED from src\main\AndroidManifest.xml:10:5-81
	android:name
		ADDED from src\main\AndroidManifest.xml:10:22-78
uses-permission#android.permission.CAMERA
ADDED from src\main\AndroidManifest.xml:11:5-65
	android:name
		ADDED from src\main\AndroidManifest.xml:11:22-62
uses-permission#android.permission.RECEIVE_BOOT_COMPLETED
ADDED from src\main\AndroidManifest.xml:12:5-81
	android:name
		ADDED from src\main\AndroidManifest.xml:12:22-78
uses-permission#android.permission.PACKAGE_USAGE_STATS
ADDED from src\main\AndroidManifest.xml:15:5-17:47
	tools:ignore
		ADDED from src\main\AndroidManifest.xml:17:9-44
	android:name
		ADDED from src\main\AndroidManifest.xml:16:9-62
uses-permission#android.permission.SYSTEM_ALERT_WINDOW
ADDED from src\main\AndroidManifest.xml:18:5-78
	android:name
		ADDED from src\main\AndroidManifest.xml:18:22-75
uses-permission#android.permission.INTERNAL_SYSTEM_WINDOW
ADDED from src\main\AndroidManifest.xml:19:5-21:47
	tools:ignore
		ADDED from src\main\AndroidManifest.xml:21:9-44
	android:name
		ADDED from src\main\AndroidManifest.xml:20:9-65
uses-permission#android.permission.RESTART_PACKAGES
ADDED from src\main\AndroidManifest.xml:22:5-75
	android:name
		ADDED from src\main\AndroidManifest.xml:22:22-72
uses-permission#android.permission.GET_TASKS
ADDED from src\main\AndroidManifest.xml:23:5-68
	android:name
		ADDED from src\main\AndroidManifest.xml:23:22-65
uses-feature#android.hardware.camera
ADDED from src\main\AndroidManifest.xml:25:5-27:35
	android:required
		ADDED from src\main\AndroidManifest.xml:27:9-32
	android:name
		ADDED from src\main\AndroidManifest.xml:26:9-47
uses-feature#android.hardware.camera.autofocus
ADDED from src\main\AndroidManifest.xml:28:5-70
	android:name
		ADDED from src\main\AndroidManifest.xml:28:19-67
application
ADDED from src\main\AndroidManifest.xml:30:5-256:19
MERGED from [:materialcalendarview] AndroidManifest.xml:11:5-47
MERGED from [:materialcalendarview] AndroidManifest.xml:11:5-47
MERGED from [com.github.arcadefire:nice-spinner:1.2] AndroidManifest.xml:11:5-47
MERGED from [com.github.arcadefire:nice-spinner:1.2] AndroidManifest.xml:11:5-47
MERGED from [fr.tvbarthel.blurdialogfragment:lib:2.2.0] AndroidManifest.xml:10:5-20
MERGED from [fr.tvbarthel.blurdialogfragment:lib:2.2.0] AndroidManifest.xml:10:5-20
MERGED from [com.wdullaer:materialdatetimepicker:3.2.2] AndroidManifest.xml:28:5-20
MERGED from [com.wdullaer:materialdatetimepicker:3.2.2] AndroidManifest.xml:28:5-20
MERGED from [com.squareup.picasso:picasso:2.71828] AndroidManifest.xml:7:5-12:19
MERGED from [com.squareup.picasso:picasso:2.71828] AndroidManifest.xml:7:5-12:19
MERGED from [com.android.support.constraint:constraint-layout:1.1.0] AndroidManifest.xml:9:5-20
MERGED from [com.android.support.constraint:constraint-layout:1.1.0] AndroidManifest.xml:9:5-20
MERGED from [com.google.firebase:firebase-messaging:17.1.0] AndroidManifest.xml:22:5-35:19
MERGED from [com.google.firebase:firebase-messaging:17.1.0] AndroidManifest.xml:22:5-35:19
MERGED from [com.firebase:firebase-jobdispatcher:0.6.0] AndroidManifest.xml:26:5-40:19
MERGED from [com.firebase:firebase-jobdispatcher:0.6.0] AndroidManifest.xml:26:5-40:19
MERGED from [com.google.firebase:firebase-core:16.0.1] AndroidManifest.xml:7:5-20
MERGED from [com.google.firebase:firebase-core:16.0.1] AndroidManifest.xml:7:5-20
MERGED from [com.google.firebase:firebase-crash:12.0.1] AndroidManifest.xml:24:5-25:19
MERGED from [com.google.firebase:firebase-crash:12.0.1] AndroidManifest.xml:24:5-25:19
MERGED from [com.github.bumptech.glide:glide:4.6.1] AndroidManifest.xml:11:5-20
MERGED from [com.github.bumptech.glide:glide:4.6.1] AndroidManifest.xml:11:5-20
MERGED from [com.crashlytics.sdk.android:crashlytics:2.6.5] AndroidManifest.xml:11:5-20
MERGED from [com.crashlytics.sdk.android:crashlytics:2.6.5] AndroidManifest.xml:11:5-20
MERGED from [de.hdodenhof:circleimageview:2.2.0] AndroidManifest.xml:9:5-20
MERGED from [de.hdodenhof:circleimageview:2.2.0] AndroidManifest.xml:9:5-20
MERGED from [com.google.firebase:firebase-measurement-connector-impl:16.0.1] AndroidManifest.xml:26:5-32:19
MERGED from [com.google.firebase:firebase-measurement-connector-impl:16.0.1] AndroidManifest.xml:26:5-32:19
MERGED from [com.google.firebase:firebase-analytics:16.0.1] AndroidManifest.xml:28:5-53:19
MERGED from [com.google.firebase:firebase-analytics:16.0.1] AndroidManifest.xml:28:5-53:19
MERGED from [com.google.firebase:firebase-analytics-impl:16.1.1] AndroidManifest.xml:28:5-38:19
MERGED from [com.google.firebase:firebase-analytics-impl:16.1.1] AndroidManifest.xml:28:5-38:19
MERGED from [com.google.firebase:firebase-iid:16.2.0] AndroidManifest.xml:34:5-63:19
MERGED from [com.google.firebase:firebase-iid:16.2.0] AndroidManifest.xml:34:5-63:19
MERGED from [com.google.firebase:firebase-iid-interop:16.0.0] AndroidManifest.xml:7:5-8:19
MERGED from [com.google.firebase:firebase-iid-interop:16.0.0] AndroidManifest.xml:7:5-8:19
MERGED from [com.google.android.gms:play-services-base:15.0.1] AndroidManifest.xml:22:5-27:19
MERGED from [com.google.android.gms:play-services-base:15.0.1] AndroidManifest.xml:22:5-27:19
MERGED from [com.google.firebase:firebase-common:16.0.0] AndroidManifest.xml:8:5-14:19
MERGED from [com.google.firebase:firebase-common:16.0.0] AndroidManifest.xml:8:5-14:19
MERGED from [com.google.android.gms:play-services-tasks:15.0.1] AndroidManifest.xml:7:5-20
MERGED from [com.google.android.gms:play-services-tasks:15.0.1] AndroidManifest.xml:7:5-20
MERGED from [com.google.firebase:firebase-measurement-connector:16.0.0] AndroidManifest.xml:22:5-23:19
MERGED from [com.google.firebase:firebase-measurement-connector:16.0.0] AndroidManifest.xml:22:5-23:19
MERGED from [com.google.android.gms:play-services-ads-identifier:15.0.1] AndroidManifest.xml:22:5-20
MERGED from [com.google.android.gms:play-services-ads-identifier:15.0.1] AndroidManifest.xml:22:5-20
MERGED from [com.google.android.gms:play-services-stats:15.0.1] AndroidManifest.xml:7:5-20
MERGED from [com.google.android.gms:play-services-stats:15.0.1] AndroidManifest.xml:7:5-20
MERGED from [com.google.android.gms:play-services-basement:15.0.1] AndroidManifest.xml:22:5-26:19
MERGED from [com.google.android.gms:play-services-basement:15.0.1] AndroidManifest.xml:22:5-26:19
MERGED from [com.github.bumptech.glide:gifdecoder:4.6.1] AndroidManifest.xml:9:5-20
MERGED from [com.github.bumptech.glide:gifdecoder:4.6.1] AndroidManifest.xml:9:5-20
MERGED from [com.google.firebase:firebase-crash-license:12.0.1] AndroidManifest.xml:22:5-20
MERGED from [com.google.firebase:firebase-crash-license:12.0.1] AndroidManifest.xml:22:5-20
MERGED from [com.crashlytics.sdk.android:beta:1.2.2] AndroidManifest.xml:11:5-20
MERGED from [com.crashlytics.sdk.android:beta:1.2.2] AndroidManifest.xml:11:5-20
MERGED from [com.crashlytics.sdk.android:crashlytics-core:2.3.14] AndroidManifest.xml:11:5-20
MERGED from [com.crashlytics.sdk.android:crashlytics-core:2.3.14] AndroidManifest.xml:11:5-20
MERGED from [com.crashlytics.sdk.android:answers:1.3.10] AndroidManifest.xml:11:5-20
MERGED from [com.crashlytics.sdk.android:answers:1.3.10] AndroidManifest.xml:11:5-20
MERGED from [io.fabric.sdk.android:fabric:1.3.14] AndroidManifest.xml:27:5-20
MERGED from [io.fabric.sdk.android:fabric:1.3.14] AndroidManifest.xml:27:5-20
MERGED from [com.google.android.gms:play-services-measurement-base:16.0.0] AndroidManifest.xml:22:5-20
MERGED from [com.google.android.gms:play-services-measurement-base:16.0.0] AndroidManifest.xml:22:5-20
	android:supportsRtl
		ADDED from src\main\AndroidManifest.xml:40:9-35
	android:label
		ADDED from src\main\AndroidManifest.xml:36:9-41
	android:hardwareAccelerated
		ADDED from src\main\AndroidManifest.xml:34:9-44
	android:manageSpaceActivity
		ADDED from src\main\AndroidManifest.xml:38:9-76
	tools:ignore
		ADDED from src\main\AndroidManifest.xml:42:9-60
	android:roundIcon
		ADDED from src\main\AndroidManifest.xml:39:9-54
	android:configChanges
		ADDED from src\main\AndroidManifest.xml:33:9-55
	android:largeHeap
		ADDED from src\main\AndroidManifest.xml:37:9-33
	android:icon
		ADDED from src\main\AndroidManifest.xml:35:9-42
	android:allowBackup
		ADDED from src\main\AndroidManifest.xml:32:9-35
	android:theme
		ADDED from src\main\AndroidManifest.xml:41:9-40
	android:name
		ADDED from src\main\AndroidManifest.xml:31:9-38
activity#com.mobiledi.earnit.activity.LoginScreen
ADDED from src\main\AndroidManifest.xml:43:9-52:20
	android:screenOrientation
		ADDED from src\main\AndroidManifest.xml:45:13-49
	android:windowSoftInputMode
		ADDED from src\main\AndroidManifest.xml:46:13-67
	android:name
		ADDED from src\main\AndroidManifest.xml:44:13-49
intent-filter#action:name:android.intent.action.MAIN+category:name:android.intent.category.LAUNCHER
ADDED from src\main\AndroidManifest.xml:47:13-51:29
action#android.intent.action.MAIN
ADDED from src\main\AndroidManifest.xml:48:17-69
	android:name
		ADDED from src\main\AndroidManifest.xml:48:25-66
category#android.intent.category.LAUNCHER
ADDED from src\main\AndroidManifest.xml:50:17-77
	android:name
		ADDED from src\main\AndroidManifest.xml:50:27-74
activity#com.mobiledi.earnit.activity.ParentDashboard
ADDED from src\main\AndroidManifest.xml:53:9-55:52
	android:screenOrientation
		ADDED from src\main\AndroidManifest.xml:55:13-49
	android:name
		ADDED from src\main\AndroidManifest.xml:54:13-53
activity#com.mobiledi.earnit.activity.SignUp
ADDED from src\main\AndroidManifest.xml:56:9-59:70
	android:screenOrientation
		ADDED from src\main\AndroidManifest.xml:58:13-49
	android:windowSoftInputMode
		ADDED from src\main\AndroidManifest.xml:59:13-67
	android:name
		ADDED from src\main\AndroidManifest.xml:57:13-44
activity#com.mobiledi.earnit.activity.AddTask
ADDED from src\main\AndroidManifest.xml:60:9-64:67
	android:screenOrientation
		ADDED from src\main\AndroidManifest.xml:62:13-49
	android:windowSoftInputMode
		ADDED from src\main\AndroidManifest.xml:64:13-64
	android:name
		ADDED from src\main\AndroidManifest.xml:61:13-45
activity#com.mobiledi.earnit.activity.EditTask
ADDED from src\main\AndroidManifest.xml:65:9-68:67
	android:screenOrientation
		ADDED from src\main\AndroidManifest.xml:67:13-49
	android:windowSoftInputMode
		ADDED from src\main\AndroidManifest.xml:68:13-64
	android:name
		ADDED from src\main\AndroidManifest.xml:66:13-46
activity#com.mobiledi.earnit.activity.ParentProfile
ADDED from src\main\AndroidManifest.xml:69:9-73:70
	android:screenOrientation
		ADDED from src\main\AndroidManifest.xml:72:13-49
	android:windowSoftInputMode
		ADDED from src\main\AndroidManifest.xml:73:13-67
	android:configChanges
		ADDED from src\main\AndroidManifest.xml:71:13-59
	android:name
		ADDED from src\main\AndroidManifest.xml:70:13-51
activity#com.mobiledi.earnit.dialogfragment.UploadTaskImageFragment
ADDED from src\main\AndroidManifest.xml:74:9-78:70
	android:screenOrientation
		ADDED from src\main\AndroidManifest.xml:77:13-49
	android:windowSoftInputMode
		ADDED from src\main\AndroidManifest.xml:78:13-67
	android:configChanges
		ADDED from src\main\AndroidManifest.xml:76:13-59
	android:name
		ADDED from src\main\AndroidManifest.xml:75:13-67
activity#com.mobiledi.earnit.activity.AddChild
ADDED from src\main\AndroidManifest.xml:79:9-83:70
	android:screenOrientation
		ADDED from src\main\AndroidManifest.xml:82:13-49
	android:windowSoftInputMode
		ADDED from src\main\AndroidManifest.xml:83:13-67
	android:configChanges
		ADDED from src\main\AndroidManifest.xml:81:13-59
	android:name
		ADDED from src\main\AndroidManifest.xml:80:13-46
activity#com.mobiledi.earnit.activity.ChildDashboard
ADDED from src\main\AndroidManifest.xml:84:9-89:47
	android:screenOrientation
		ADDED from src\main\AndroidManifest.xml:88:13-49
	android:label
		ADDED from src\main\AndroidManifest.xml:87:13-67
	android:configChanges
		ADDED from src\main\AndroidManifest.xml:86:13-59
	android:theme
		ADDED from src\main\AndroidManifest.xml:89:13-44
	android:name
		ADDED from src\main\AndroidManifest.xml:85:13-52
activity#com.mobiledi.earnit.activity.ParentCheckInChildDashboard
ADDED from src\main\AndroidManifest.xml:90:9-74
	android:name
		ADDED from src\main\AndroidManifest.xml:90:19-71
activity#com.mobiledi.earnit.activity.GoalActivity
ADDED from src\main\AndroidManifest.xml:91:9-95:67
	android:screenOrientation
		ADDED from src\main\AndroidManifest.xml:94:13-49
	android:windowSoftInputMode
		ADDED from src\main\AndroidManifest.xml:95:13-64
	android:configChanges
		ADDED from src\main\AndroidManifest.xml:93:13-59
	android:name
		ADDED from src\main\AndroidManifest.xml:92:13-50
activity#com.mobiledi.earnit.activity.EditGoalActivity
ADDED from src\main\AndroidManifest.xml:96:9-100:67
	android:screenOrientation
		ADDED from src\main\AndroidManifest.xml:99:13-49
	android:windowSoftInputMode
		ADDED from src\main\AndroidManifest.xml:100:13-64
	android:configChanges
		ADDED from src\main\AndroidManifest.xml:98:13-59
	android:name
		ADDED from src\main\AndroidManifest.xml:97:13-54
activity#com.mobiledi.earnit.activity.ChildRequestTaskApproval
ADDED from src\main\AndroidManifest.xml:101:9-105:70
	android:screenOrientation
		ADDED from src\main\AndroidManifest.xml:104:13-49
	android:windowSoftInputMode
		ADDED from src\main\AndroidManifest.xml:105:13-67
	android:configChanges
		ADDED from src\main\AndroidManifest.xml:103:13-59
	android:name
		ADDED from src\main\AndroidManifest.xml:102:13-62
activity#com.mobiledi.earnit.activity.ChildMessage
ADDED from src\main\AndroidManifest.xml:106:9-109:52
	android:screenOrientation
		ADDED from src\main\AndroidManifest.xml:109:13-49
	android:configChanges
		ADDED from src\main\AndroidManifest.xml:108:13-59
	android:name
		ADDED from src\main\AndroidManifest.xml:107:13-50
activity#com.mobiledi.earnit.activity.BalanceAdjustment
ADDED from src\main\AndroidManifest.xml:110:9-113:52
	android:screenOrientation
		ADDED from src\main\AndroidManifest.xml:113:13-49
	android:configChanges
		ADDED from src\main\AndroidManifest.xml:112:13-59
	android:name
		ADDED from src\main\AndroidManifest.xml:111:13-55
activity#com.mobiledi.earnit.activity.BalanceActivity
ADDED from src\main\AndroidManifest.xml:114:9-117:52
	android:screenOrientation
		ADDED from src\main\AndroidManifest.xml:117:13-49
	android:configChanges
		ADDED from src\main\AndroidManifest.xml:116:13-59
	android:name
		ADDED from src\main\AndroidManifest.xml:115:13-53
activity#com.mobiledi.earnit.activity.InitialParentProfile
ADDED from src\main\AndroidManifest.xml:118:9-121:52
	android:screenOrientation
		ADDED from src\main\AndroidManifest.xml:121:13-49
	android:configChanges
		ADDED from src\main\AndroidManifest.xml:120:13-59
	android:name
		ADDED from src\main\AndroidManifest.xml:119:13-58
activity#com.mobiledi.earnit.activity.ParentTaskApproval
ADDED from src\main\AndroidManifest.xml:122:9-125:52
	android:screenOrientation
		ADDED from src\main\AndroidManifest.xml:125:13-49
	android:configChanges
		ADDED from src\main\AndroidManifest.xml:124:13-59
	android:name
		ADDED from src\main\AndroidManifest.xml:123:13-56
activity#com.mobiledi.earnit.activity.PasswordReminder
ADDED from src\main\AndroidManifest.xml:126:9-128:52
	android:screenOrientation
		ADDED from src\main\AndroidManifest.xml:128:13-49
	android:name
		ADDED from src\main\AndroidManifest.xml:127:13-54
activity#com.mobiledi.earnit.activity.ParentCalendarActivity
ADDED from src\main\AndroidManifest.xml:129:9-131:52
	android:screenOrientation
		ADDED from src\main\AndroidManifest.xml:131:13-49
	android:name
		ADDED from src\main\AndroidManifest.xml:130:13-60
activity#com.mobiledi.earnit.activity.ChildCalendarActivity
ADDED from src\main\AndroidManifest.xml:132:9-134:52
	android:screenOrientation
		ADDED from src\main\AndroidManifest.xml:134:13-49
	android:name
		ADDED from src\main\AndroidManifest.xml:133:13-59
activity#com.mobiledi.earnit.activity.ScreenRules
ADDED from src\main\AndroidManifest.xml:135:9-137:52
	android:screenOrientation
		ADDED from src\main\AndroidManifest.xml:137:13-49
	android:name
		ADDED from src\main\AndroidManifest.xml:136:13-49
service#com.mobiledi.earnit.service.CustomFirebaseMessagingService
ADDED from src\main\AndroidManifest.xml:140:9-146:19
	android:permission
		ADDED from src\main\AndroidManifest.xml:142:13-43
	android:name
		ADDED from src\main\AndroidManifest.xml:141:13-67
intent-filter#action:name:com.google.firebase.MESSAGING_EVENT
ADDED from src\main\AndroidManifest.xml:143:13-145:29
action#com.google.firebase.MESSAGING_EVENT
ADDED from src\main\AndroidManifest.xml:144:17-78
	android:name
		ADDED from src\main\AndroidManifest.xml:144:25-75
service#com.mobiledi.earnit.service.CustomFirebaseInstanceIDService
ADDED from src\main\AndroidManifest.xml:149:9-155:19
	android:exported
		ADDED from src\main\AndroidManifest.xml:151:13-37
	android:name
		ADDED from src\main\AndroidManifest.xml:150:13-68
intent-filter#action:name:com.google.firebase.INSTANCE_ID_EVENT
ADDED from src\main\AndroidManifest.xml:152:13-154:29
action#com.google.firebase.INSTANCE_ID_EVENT
ADDED from src\main\AndroidManifest.xml:153:17-80
	android:name
		ADDED from src\main\AndroidManifest.xml:153:25-77
service#com.mobiledi.earnit.service.FCMJobService
ADDED from src\main\AndroidManifest.xml:157:9-163:19
	android:exported
		ADDED from src\main\AndroidManifest.xml:159:13-37
	android:name
		ADDED from src\main\AndroidManifest.xml:158:13-50
intent-filter#action:name:com.firebase.jobdispatcher.ACTION_EXECUTE
ADDED from src\main\AndroidManifest.xml:160:13-162:29
action#com.firebase.jobdispatcher.ACTION_EXECUTE
ADDED from src\main\AndroidManifest.xml:161:17-84
	android:name
		ADDED from src\main\AndroidManifest.xml:161:25-81
service#com.mobiledi.earnit.service.UpdateFcmToken
ADDED from src\main\AndroidManifest.xml:164:9-59
	android:name
		ADDED from src\main\AndroidManifest.xml:164:18-56
service#com.mobiledi.earnit.service.SendMessageService
ADDED from src\main\AndroidManifest.xml:165:9-63
	android:name
		ADDED from src\main\AndroidManifest.xml:165:18-60
provider#android.support.v4.content.FileProvider
ADDED from src\main\AndroidManifest.xml:167:9-175:20
	android:grantUriPermissions
		ADDED from src\main\AndroidManifest.xml:171:13-47
	android:authorities
		ADDED from src\main\AndroidManifest.xml:169:13-67
	android:exported
		ADDED from src\main\AndroidManifest.xml:170:13-37
	android:name
		ADDED from src\main\AndroidManifest.xml:168:13-67
meta-data#android.support.FILE_PROVIDER_PATHS
ADDED from src\main\AndroidManifest.xml:172:13-174:54
	android:resource
		ADDED from src\main\AndroidManifest.xml:174:17-51
	android:name
		ADDED from src\main\AndroidManifest.xml:173:17-67
service#com.mobiledi.earnit.service.applock_service.AppCheckServices
ADDED from src\main\AndroidManifest.xml:177:9-179:40
	android:exported
		ADDED from src\main\AndroidManifest.xml:179:13-37
	android:name
		ADDED from src\main\AndroidManifest.xml:178:13-69
receiver#com.mobiledi.earnit.receiver.NewAppInstalledReceiver
ADDED from src\main\AndroidManifest.xml:181:9-189:20
	android:name
		ADDED from src\main\AndroidManifest.xml:181:19-67
intent-filter#action:name:android.intent.action.PACKAGE_ADDED+action:name:android.intent.action.PACKAGE_REMOVED+action:name:android.intent.action.PACKAGE_REPLACED+data:scheme:package
ADDED from src\main\AndroidManifest.xml:182:13-188:29
	android:priority
		ADDED from src\main\AndroidManifest.xml:182:28-50
action#android.intent.action.PACKAGE_ADDED
ADDED from src\main\AndroidManifest.xml:183:17-78
	android:name
		ADDED from src\main\AndroidManifest.xml:183:25-75
action#android.intent.action.PACKAGE_REMOVED
ADDED from src\main\AndroidManifest.xml:184:17-80
	android:name
		ADDED from src\main\AndroidManifest.xml:184:25-77